2026-06-22 11:27:42+0800: Running with following config:
allowResignation = true
lagBuffer = 1.0
logAllGTPCommunication = true
logDir = gtp_logs
logSearchInfo = true
logSearchInfoForChosenMove = false
logToStderr = false
maxTimePondering = 60.0
maxVisits = 500
numSearchThreads = 6
ponderingEnabled = false
resignConsecTurns = 3
resignThreshold = -0.90
rules = tromp-taylor
searchFactorAfterOnePass = 0.50
searchFactorAfterTwoPass = 0.25
searchFactorWhenWinning = 0.40
searchFactorWhenWinningThreshold = 0.95

2026-06-22 11:27:42+0800: GTP Engine starting...
2026-06-22 11:27:42+0800: KataGo v1.16.4
2026-06-22 11:27:42+0800: Using TrompTaylor rules initially, unless GTP/GUI overrides this
2026-06-22 11:27:42+0800: Using 6 CPU thread(s) for search
2026-06-22 11:27:42+0800: nnRandSeed0 = 15316760704741270273
2026-06-22 11:27:42+0800: After dedups: nnModelFile0 = .\engine_18b\kata1-b18c384nbt-s9996604416-d4316597426.bin.gz useFP16 auto useNHWC auto
2026-06-22 11:27:42+0800: Initializing neural net buffer to be size 19 * 19 exactly
2026-06-22 11:27:43+0800: Found OpenCL Platform 0: NVIDIA CUDA (NVIDIA Corporation) (OpenCL 3.0 CUDA 13.1.123)
2026-06-22 11:27:43+0800: Found 1 device(s) on platform 0 with type CPU or GPU or Accelerator
2026-06-22 11:27:43+0800: Found OpenCL Platform 1: AMD Accelerated Parallel Processing (Advanced Micro Devices, Inc.) (OpenCL 2.1 AMD-APP (3652.0))
2026-06-22 11:27:43+0800: Found 1 device(s) on platform 1 with type CPU or GPU or Accelerator
2026-06-22 11:27:43+0800: Found OpenCL Device 0: NVIDIA GeForce RTX 5080 (NVIDIA Corporation) (score 11000300)
2026-06-22 11:27:43+0800: Found OpenCL Device 1: gfx1036 (Advanced Micro Devices, Inc.) (score 11000200)
2026-06-22 11:27:43+0800: Creating context for OpenCL Platform: NVIDIA CUDA (NVIDIA Corporation) (OpenCL 3.0 CUDA 13.1.123)
2026-06-22 11:27:43+0800: Using OpenCL Device 0: NVIDIA GeForce RTX 5080 (NVIDIA Corporation) OpenCL 3.0 CUDA (Extensions: cl_khr_global_int32_base_atomics cl_khr_global_int32_extended_atomics cl_khr_local_int32_base_atomics cl_khr_local_int32_extended_atomics cl_khr_fp64 cl_khr_3d_image_writes cl_khr_byte_addressable_store cl_khr_icd cl_khr_gl_sharing cl_nv_compiler_options cl_nv_device_attribute_query cl_nv_pragma_unroll cl_nv_d3d10_sharing cl_khr_d3d10_sharing cl_nv_d3d11_sharing cl_nv_copy_opts cl_nv_create_buffer cl_khr_int64_base_atomics cl_khr_int64_extended_atomics cl_khr_device_uuid cl_khr_pci_bus_info cl_khr_external_semaphore cl_khr_external_memory cl_khr_external_semaphore_win32 cl_khr_external_memory_win32 cl_khr_semaphore)
2026-06-22 11:27:43+0800: Loaded tuning parameters from: D:\GitHub自创项目\成品\KataGo-Lizzieyzy-Portable-v1.1.0-win64\engine_18b/KataGoData/opencltuning/tune11_gpuNVIDIAGeForceRTX5080_x19_y19_c384_mv14.txt
2026-06-22 11:27:43+0800: OpenCL backend thread 0: Model version 14
2026-06-22 11:27:43+0800: OpenCL backend thread 0: Model name: kata1-b18c384nbt-s9996604416-d4316597426
2026-06-22 11:27:44+0800: OpenCL backend thread 0: FP16Storage true FP16Compute false FP16TensorCores true FP16TensorCoresFor1x1 false
2026-06-22 11:27:44+0800: Loaded neural net with nnXLen 19 nnYLen 19
2026-06-22 11:27:44+0800: Initializing board with boardXSize 19 boardYSize 19
2026-06-22 11:27:44+0800: Loaded config .\engine_18b\default_gtp.cfg
2026-06-22 11:27:44+0800: Loaded model .\engine_18b\kata1-b18c384nbt-s9996604416-d4316597426.bin.gz
2026-06-22 11:27:44+0800: Model name: kata1-b18c384nbt-s9996604416-d4316597426
2026-06-22 11:27:44+0800: GTP ready, beginning main protocol loop
2026-06-22 11:27:44+0800: Controller: name
2026-06-22 11:27:44+0800: = KataGo
2026-06-22 11:27:44+0800: Controller: version
2026-06-22 11:27:44+0800: = 1.16.4+b18c384nbt-s9996M
2026-06-22 11:27:44+0800: Controller: list_commands
2026-06-22 11:27:44+0800: = protocol_version
name
version
known_command
list_commands
quit
boardsize
rectangular_boardsize
clear_board
set_position
komi
get_komi
play
undo
kata-get-rules
kata-set-rule
kata-set-rules
kata-get-models
kata-get-param
kata-set-param
kata-list-params
kgs-rules
genmove
kata-search
kata-search_cancellable
genmove_debug
kata-search_debug
clear_cache
showboard
fixed_handicap
place_free_handicap
set_free_handicap
time_settings
kgs-time_settings
time_left
kata-list_time_settings
kata-time_settings
final_score
final_status_list
loadsgf
printsgf
lz-genmove_analyze
kata-genmove_analyze
kata-search_analyze
kata-search_analyze_cancellable
lz-analyze
kata-analyze
kata-raw-nn
kata-raw-human-nn
cputime
gomill-cpu_time
kata-benchmark
kata-debug-print-tc
debug_moves
stop
2026-06-22 11:27:44+0800: Controller: komi 7.5
2026-06-22 11:27:44+0800: = 
2026-06-22 11:27:44+0800: Controller: boardsize 19
2026-06-22 11:27:44+0800: = 
2026-06-22 11:27:44+0800: Controller: kata-get-param playoutDoublingAdvantage
2026-06-22 11:27:44+0800: = 0.0
2026-06-22 11:27:44+0800: Controller: kata-get-param analysisWideRootNoise
2026-06-22 11:27:44+0800: = 0.04
2026-06-22 11:27:44+0800: Controller: kata-get-rules
2026-06-22 11:27:44+0800: = {"friendlyPassOk":false,"hasButton":false,"ko":"POSITIONAL","scoring":"AREA","suicide":true,"tax":"NONE","whiteHandicapBonus":"0"}
2026-06-22 11:27:44+0800: Controller: clear_board
2026-06-22 11:27:44+0800: = 
2026-06-22 11:27:44+0800: Controller: time_settings 0 2 1
2026-06-22 11:27:44+0800: = 
2026-06-22 11:27:44+0800: Controller: kata-analyze B 10
2026-06-22 11:27:44+0800: =
2026-06-22 11:27:51+0800: Controller: stop
2026-06-22 11:27:51+0800: = 
2026-06-22 11:28:24+0800: Controller: clear_board
2026-06-22 11:28:24+0800: = 
2026-06-22 11:28:24+0800: Controller: komi 7.5
2026-06-22 11:28:24+0800: = 
2026-06-22 11:28:24+0800: Controller: komi 7.5
2026-06-22 11:28:24+0800: = 
2026-06-22 11:28:24+0800: Controller: kata-analyze B 10
2026-06-22 11:28:24+0800: =
2026-06-22 11:28:32+0800: Controller: play B R4
2026-06-22 11:28:32+0800: = 
2026-06-22 11:28:32+0800: Controller: kata-analyze W 10
2026-06-22 11:28:32+0800: =
2026-06-22 11:28:32+0800: Controller: play W Q16
2026-06-22 11:28:32+0800: = 
2026-06-22 11:28:32+0800: Controller: play B C3
2026-06-22 11:28:32+0800: = 
2026-06-22 11:28:32+0800: Controller: play W C16
2026-06-22 11:28:32+0800: = 
2026-06-22 11:28:32+0800: Controller: play B E17
2026-06-22 11:28:32+0800: = 
2026-06-22 11:28:32+0800: Controller: play W P3
2026-06-22 11:28:32+0800: = 
2026-06-22 11:28:32+0800: Controller: play B Q6
2026-06-22 11:28:32+0800: = 
2026-06-22 11:28:32+0800: Controller: play W D14
2026-06-22 11:28:32+0800: = 
2026-06-22 11:28:32+0800: Controller: play B O17
2026-06-22 11:28:32+0800: = 
2026-06-22 11:28:32+0800: Controller: play W R14
2026-06-22 11:28:32+0800: = 
2026-06-22 11:28:32+0800: Controller: kata-analyze B 10
2026-06-22 11:28:32+0800: =
2026-06-22 11:28:32+0800: Controller: play B Q17
2026-06-22 11:28:32+0800: = 
2026-06-22 11:28:32+0800: Controller: kata-analyze W 10
2026-06-22 11:28:32+0800: =
2026-06-22 11:28:32+0800: Controller: play W R17
2026-06-22 11:28:32+0800: = 
2026-06-22 11:28:32+0800: Controller: play B R18
2026-06-22 11:28:32+0800: = 
2026-06-22 11:28:32+0800: Controller: play W P17
2026-06-22 11:28:32+0800: = 
2026-06-22 11:28:32+0800: Controller: play B Q18
2026-06-22 11:28:32+0800: = 
2026-06-22 11:28:32+0800: Controller: play W P16
2026-06-22 11:28:32+0800: = 
2026-06-22 11:28:32+0800: Controller: play B P18
2026-06-22 11:28:32+0800: = 
2026-06-22 11:28:32+0800: Controller: play W S17
2026-06-22 11:28:32+0800: = 
2026-06-22 11:28:32+0800: Controller: play B O16
2026-06-22 11:28:32+0800: = 
2026-06-22 11:28:32+0800: Controller: play W N18
2026-06-22 11:28:32+0800: = 
2026-06-22 11:28:32+0800: Controller: kata-analyze B 10
2026-06-22 11:28:32+0800: =
2026-06-22 11:28:33+0800: Controller: play B M17
2026-06-22 11:28:33+0800: = 
2026-06-22 11:28:33+0800: Controller: kata-analyze W 10
2026-06-22 11:28:33+0800: =
2026-06-22 11:28:33+0800: Controller: play W M18
2026-06-22 11:28:33+0800: = 
2026-06-22 11:28:33+0800: Controller: play B R16
2026-06-22 11:28:33+0800: = 
2026-06-22 11:28:33+0800: Controller: play W S16
2026-06-22 11:28:33+0800: = 
2026-06-22 11:28:33+0800: Controller: play B K17
2026-06-22 11:28:33+0800: = 
2026-06-22 11:28:33+0800: Controller: play W N17
2026-06-22 11:28:33+0800: = 
2026-06-22 11:28:33+0800: Controller: play B Q15
2026-06-22 11:28:33+0800: = 
2026-06-22 11:28:33+0800: Controller: play W P15
2026-06-22 11:28:33+0800: = 
2026-06-22 11:28:33+0800: Controller: play B M16
2026-06-22 11:28:33+0800: = 
2026-06-22 11:28:33+0800: Controller: play W L4
2026-06-22 11:28:33+0800: = 
2026-06-22 11:28:33+0800: Controller: kata-analyze B 10
2026-06-22 11:28:33+0800: =
2026-06-22 11:28:34+0800: Controller: play B J3
2026-06-22 11:28:34+0800: = 
2026-06-22 11:28:34+0800: Controller: kata-analyze W 10
2026-06-22 11:28:34+0800: =
2026-06-22 11:28:34+0800: Controller: play W F4
2026-06-22 11:28:34+0800: = 
2026-06-22 11:28:34+0800: Controller: play B D6
2026-06-22 11:28:34+0800: = 
2026-06-22 11:28:34+0800: Controller: play W J5
2026-06-22 11:28:34+0800: = 
2026-06-22 11:28:34+0800: Controller: play B C12
2026-06-22 11:28:34+0800: = 
2026-06-22 11:28:34+0800: Controller: play W C8
2026-06-22 11:28:34+0800: = 
2026-06-22 11:28:34+0800: Controller: play B E12
2026-06-22 11:28:34+0800: = 
2026-06-22 11:28:34+0800: Controller: play W C13
2026-06-22 11:28:34+0800: = 
2026-06-22 11:28:34+0800: Controller: play B B13
2026-06-22 11:28:34+0800: = 
2026-06-22 11:28:34+0800: Controller: play W B14
2026-06-22 11:28:34+0800: = 
2026-06-22 11:28:34+0800: Controller: kata-analyze B 10
2026-06-22 11:28:34+0800: =
2026-06-22 11:28:35+0800: Controller: play B F6
2026-06-22 11:28:35+0800: = 
2026-06-22 11:28:35+0800: Controller: kata-analyze W 10
2026-06-22 11:28:35+0800: =
2026-06-22 11:28:35+0800: Controller: play W E7
2026-06-22 11:28:35+0800: = 
2026-06-22 11:28:35+0800: Controller: play B E6
2026-06-22 11:28:35+0800: = 
2026-06-22 11:28:35+0800: Controller: play W E9
2026-06-22 11:28:35+0800: = 
2026-06-22 11:28:35+0800: Controller: play B L3
2026-06-22 11:28:35+0800: = 
2026-06-22 11:28:35+0800: Controller: play W M3
2026-06-22 11:28:35+0800: = 
2026-06-22 11:28:35+0800: Controller: play B M4
2026-06-22 11:28:35+0800: = 
2026-06-22 11:28:35+0800: Controller: play W K3
2026-06-22 11:28:35+0800: = 
2026-06-22 11:28:35+0800: Controller: play B L2
2026-06-22 11:28:35+0800: = 
2026-06-22 11:28:35+0800: Controller: play W K4
2026-06-22 11:28:35+0800: = 
2026-06-22 11:28:35+0800: Controller: kata-analyze B 10
2026-06-22 11:28:35+0800: =
2026-06-22 11:28:36+0800: Controller: play B K2
2026-06-22 11:28:36+0800: = 
2026-06-22 11:28:36+0800: Controller: kata-analyze W 10
2026-06-22 11:28:36+0800: =
2026-06-22 11:28:36+0800: Controller: play W N3
2026-06-22 11:28:36+0800: = 
2026-06-22 11:28:36+0800: Controller: play B J4
2026-06-22 11:28:36+0800: = 
2026-06-22 11:28:36+0800: Controller: play W H5
2026-06-22 11:28:36+0800: = 
2026-06-22 11:28:36+0800: Controller: play B G4
2026-06-22 11:28:36+0800: = 
2026-06-22 11:28:36+0800: Controller: play W D3
2026-06-22 11:28:36+0800: = 
2026-06-22 11:28:36+0800: Controller: play B G5
2026-06-22 11:28:36+0800: = 
2026-06-22 11:28:36+0800: Controller: play W C4
2026-06-22 11:28:36+0800: = 
2026-06-22 11:28:36+0800: Controller: play B M5
2026-06-22 11:28:36+0800: = 
2026-06-22 11:28:36+0800: Controller: play W L6
2026-06-22 11:28:36+0800: = 
2026-06-22 11:28:36+0800: Controller: kata-analyze B 10
2026-06-22 11:28:36+0800: =
2026-06-22 11:28:38+0800: Controller: undo
2026-06-22 11:28:38+0800: = 
2026-06-22 11:28:38+0800: Controller: kata-analyze W 10
2026-06-22 11:28:38+0800: =
2026-06-22 11:28:38+0800: Controller: undo
2026-06-22 11:28:38+0800: = 
2026-06-22 11:28:38+0800: Controller: undo
2026-06-22 11:28:38+0800: = 
2026-06-22 11:28:38+0800: Controller: undo
2026-06-22 11:28:38+0800: = 
2026-06-22 11:28:38+0800: Controller: undo
2026-06-22 11:28:38+0800: = 
2026-06-22 11:28:38+0800: Controller: undo
2026-06-22 11:28:38+0800: = 
2026-06-22 11:28:38+0800: Controller: undo
2026-06-22 11:28:38+0800: = 
2026-06-22 11:28:38+0800: Controller: undo
2026-06-22 11:28:38+0800: = 
2026-06-22 11:28:38+0800: Controller: undo
2026-06-22 11:28:38+0800: = 
2026-06-22 11:28:38+0800: Controller: undo
2026-06-22 11:28:38+0800: = 
2026-06-22 11:28:38+0800: Controller: kata-analyze B 10
2026-06-22 11:28:38+0800: =
2026-06-22 11:28:39+0800: Controller: undo
2026-06-22 11:28:39+0800: = 
2026-06-22 11:28:39+0800: Controller: kata-analyze W 10
2026-06-22 11:28:39+0800: =
2026-06-22 11:28:39+0800: Controller: undo
2026-06-22 11:28:39+0800: = 
2026-06-22 11:28:39+0800: Controller: undo
2026-06-22 11:28:39+0800: = 
2026-06-22 11:28:39+0800: Controller: undo
2026-06-22 11:28:39+0800: = 
2026-06-22 11:28:39+0800: Controller: undo
2026-06-22 11:28:39+0800: = 
2026-06-22 11:28:39+0800: Controller: undo
2026-06-22 11:28:39+0800: = 
2026-06-22 11:28:39+0800: Controller: undo
2026-06-22 11:28:39+0800: = 
2026-06-22 11:28:39+0800: Controller: undo
2026-06-22 11:28:39+0800: = 
2026-06-22 11:28:39+0800: Controller: undo
2026-06-22 11:28:39+0800: = 
2026-06-22 11:28:39+0800: Controller: undo
2026-06-22 11:28:39+0800: = 
2026-06-22 11:28:39+0800: Controller: kata-analyze B 10
2026-06-22 11:28:39+0800: =
2026-06-22 11:28:39+0800: Controller: undo
2026-06-22 11:28:39+0800: = 
2026-06-22 11:28:39+0800: Controller: kata-analyze W 10
2026-06-22 11:28:39+0800: =
2026-06-22 11:28:39+0800: Controller: undo
2026-06-22 11:28:39+0800: = 
2026-06-22 11:28:39+0800: Controller: undo
2026-06-22 11:28:39+0800: = 
2026-06-22 11:28:39+0800: Controller: undo
2026-06-22 11:28:39+0800: = 
2026-06-22 11:28:39+0800: Controller: undo
2026-06-22 11:28:39+0800: = 
2026-06-22 11:28:39+0800: Controller: undo
2026-06-22 11:28:39+0800: = 
2026-06-22 11:28:39+0800: Controller: undo
2026-06-22 11:28:39+0800: = 
2026-06-22 11:28:39+0800: Controller: undo
2026-06-22 11:28:39+0800: = 
2026-06-22 11:28:39+0800: Controller: undo
2026-06-22 11:28:39+0800: = 
2026-06-22 11:28:39+0800: Controller: undo
2026-06-22 11:28:39+0800: = 
2026-06-22 11:28:39+0800: Controller: kata-analyze B 10
2026-06-22 11:28:39+0800: =
2026-06-22 11:28:40+0800: Controller: undo
2026-06-22 11:28:40+0800: = 
2026-06-22 11:28:40+0800: Controller: kata-analyze W 10
2026-06-22 11:28:40+0800: =
2026-06-22 11:28:40+0800: Controller: undo
2026-06-22 11:28:40+0800: = 
2026-06-22 11:28:40+0800: Controller: undo
2026-06-22 11:28:40+0800: = 
2026-06-22 11:28:40+0800: Controller: undo
2026-06-22 11:28:40+0800: = 
2026-06-22 11:28:40+0800: Controller: undo
2026-06-22 11:28:40+0800: = 
2026-06-22 11:28:40+0800: Controller: undo
2026-06-22 11:28:40+0800: = 
2026-06-22 11:28:40+0800: Controller: undo
2026-06-22 11:28:40+0800: = 
2026-06-22 11:28:40+0800: Controller: undo
2026-06-22 11:28:40+0800: = 
2026-06-22 11:28:40+0800: Controller: undo
2026-06-22 11:28:40+0800: = 
2026-06-22 11:28:40+0800: Controller: undo
2026-06-22 11:28:40+0800: = 
2026-06-22 11:28:40+0800: Controller: undo
2026-06-22 11:28:40+0800: = 
2026-06-22 11:28:40+0800: Controller: undo
2026-06-22 11:28:40+0800: = 
2026-06-22 11:28:40+0800: Controller: undo
2026-06-22 11:28:40+0800: = 
2026-06-22 11:28:40+0800: Controller: undo
2026-06-22 11:28:40+0800: = 
2026-06-22 11:28:40+0800: Controller: undo
2026-06-22 11:28:40+0800: = 
2026-06-22 11:28:40+0800: Controller: undo
2026-06-22 11:28:40+0800: = 
2026-06-22 11:28:40+0800: Controller: undo
2026-06-22 11:28:40+0800: = 
2026-06-22 11:28:40+0800: Controller: undo
2026-06-22 11:28:40+0800: = 
2026-06-22 11:28:40+0800: Controller: undo
2026-06-22 11:28:40+0800: = 
2026-06-22 11:28:40+0800: Controller: undo
2026-06-22 11:28:40+0800: = 
2026-06-22 11:28:40+0800: Controller: undo
2026-06-22 11:28:40+0800: = 
2026-06-22 11:28:40+0800: Controller: undo
2026-06-22 11:28:40+0800: = 
2026-06-22 11:28:40+0800: Controller: undo
2026-06-22 11:28:40+0800: = 
2026-06-22 11:28:40+0800: Controller: undo
2026-06-22 11:28:40+0800: = 
2026-06-22 11:28:40+0800: Controller: undo
2026-06-22 11:28:40+0800: = 
2026-06-22 11:28:40+0800: Controller: undo
2026-06-22 11:28:40+0800: = 
2026-06-22 11:28:40+0800: Controller: undo
2026-06-22 11:28:40+0800: = 
2026-06-22 11:28:40+0800: Controller: undo
2026-06-22 11:28:40+0800: = 
2026-06-22 11:28:40+0800: Controller: undo
2026-06-22 11:28:40+0800: = 
2026-06-22 11:28:40+0800: Controller: undo
2026-06-22 11:28:40+0800: = 
2026-06-22 11:28:40+0800: Controller: kata-analyze B 10
2026-06-22 11:28:40+0800: =
2026-06-22 11:28:43+0800: Controller: stop
2026-06-22 11:28:43+0800: = 
2026-06-22 11:29:04+0800: Controller: stop
2026-06-22 11:29:04+0800: = 
2026-06-22 11:29:04+0800: Controller: kata-analyze B 10
2026-06-22 11:29:04+0800: =
2026-06-22 11:29:04+0800: Controller: play B R4
2026-06-22 11:29:04+0800: = 
2026-06-22 11:29:04+0800: Controller: kata-analyze W 10
2026-06-22 11:29:04+0800: =
2026-06-22 11:29:05+0800: Controller: play W Q16
2026-06-22 11:29:05+0800: = 
2026-06-22 11:29:05+0800: Controller: kata-analyze B 10
2026-06-22 11:29:05+0800: =
2026-06-22 11:29:05+0800: Controller: play B C3
2026-06-22 11:29:05+0800: = 
2026-06-22 11:29:05+0800: Controller: kata-analyze W 10
2026-06-22 11:29:05+0800: =
2026-06-22 11:29:05+0800: Controller: play W C16
2026-06-22 11:29:05+0800: = 
2026-06-22 11:29:05+0800: Controller: kata-analyze B 10
2026-06-22 11:29:05+0800: =
2026-06-22 11:29:05+0800: Controller: play B E17
2026-06-22 11:29:05+0800: = 
2026-06-22 11:29:05+0800: Controller: kata-analyze W 10
2026-06-22 11:29:05+0800: =
2026-06-22 11:29:05+0800: Controller: play W P3
2026-06-22 11:29:05+0800: = 
2026-06-22 11:29:05+0800: Controller: kata-analyze B 10
2026-06-22 11:29:05+0800: =
2026-06-22 11:29:06+0800: Controller: play B Q6
2026-06-22 11:29:06+0800: = 
2026-06-22 11:29:06+0800: Controller: kata-analyze W 10
2026-06-22 11:29:06+0800: =
2026-06-22 11:29:06+0800: Controller: play W D14
2026-06-22 11:29:06+0800: = 
2026-06-22 11:29:06+0800: Controller: kata-analyze B 10
2026-06-22 11:29:06+0800: =
2026-06-22 11:29:06+0800: Controller: play B O17
2026-06-22 11:29:06+0800: = 
2026-06-22 11:29:06+0800: Controller: kata-analyze W 10
2026-06-22 11:29:06+0800: =
2026-06-22 11:29:06+0800: Controller: play W R14
2026-06-22 11:29:06+0800: = 
2026-06-22 11:29:06+0800: Controller: kata-analyze B 10
2026-06-22 11:29:06+0800: =
2026-06-22 11:29:06+0800: Controller: play B Q17
2026-06-22 11:29:06+0800: = 
2026-06-22 11:29:06+0800: Controller: kata-analyze W 10
2026-06-22 11:29:06+0800: =
2026-06-22 11:29:06+0800: Controller: play W R17
2026-06-22 11:29:06+0800: = 
2026-06-22 11:29:06+0800: Controller: kata-analyze B 10
2026-06-22 11:29:06+0800: =
2026-06-22 11:29:07+0800: Controller: play B R18
2026-06-22 11:29:07+0800: = 
2026-06-22 11:29:07+0800: Controller: kata-analyze W 10
2026-06-22 11:29:07+0800: =
2026-06-22 11:29:07+0800: Controller: play W P17
2026-06-22 11:29:07+0800: = 
2026-06-22 11:29:07+0800: Controller: kata-analyze B 10
2026-06-22 11:29:07+0800: =
2026-06-22 11:29:07+0800: Controller: play B Q18
2026-06-22 11:29:07+0800: = 
2026-06-22 11:29:07+0800: Controller: kata-analyze W 10
2026-06-22 11:29:07+0800: =
2026-06-22 11:29:07+0800: Controller: play W P16
2026-06-22 11:29:07+0800: = 
2026-06-22 11:29:07+0800: Controller: kata-analyze B 10
2026-06-22 11:29:07+0800: =
2026-06-22 11:29:07+0800: Controller: play B P18
2026-06-22 11:29:07+0800: = 
2026-06-22 11:29:07+0800: Controller: kata-analyze W 10
2026-06-22 11:29:07+0800: =
2026-06-22 11:29:07+0800: Controller: play W S17
2026-06-22 11:29:07+0800: = 
2026-06-22 11:29:07+0800: Controller: kata-analyze B 10
2026-06-22 11:29:07+0800: =
2026-06-22 11:29:07+0800: Controller: play B O16
2026-06-22 11:29:07+0800: = 
2026-06-22 11:29:07+0800: Controller: kata-analyze W 10
2026-06-22 11:29:07+0800: =
2026-06-22 11:29:07+0800: Controller: play W N18
2026-06-22 11:29:07+0800: = 
2026-06-22 11:29:07+0800: Controller: kata-analyze B 10
2026-06-22 11:29:07+0800: =
2026-06-22 11:29:08+0800: Controller: play B M17
2026-06-22 11:29:08+0800: = 
2026-06-22 11:29:08+0800: Controller: kata-analyze W 10
2026-06-22 11:29:08+0800: =
2026-06-22 11:29:08+0800: Controller: play W M18
2026-06-22 11:29:08+0800: = 
2026-06-22 11:29:08+0800: Controller: kata-analyze B 10
2026-06-22 11:29:08+0800: =
2026-06-22 11:29:08+0800: Controller: play B R16
2026-06-22 11:29:08+0800: = 
2026-06-22 11:29:08+0800: Controller: kata-analyze W 10
2026-06-22 11:29:08+0800: =
2026-06-22 11:29:08+0800: Controller: play W S16
2026-06-22 11:29:08+0800: = 
2026-06-22 11:29:08+0800: Controller: kata-analyze B 10
2026-06-22 11:29:08+0800: =
2026-06-22 11:29:08+0800: Controller: play B K17
2026-06-22 11:29:08+0800: = 
2026-06-22 11:29:08+0800: Controller: kata-analyze W 10
2026-06-22 11:29:08+0800: =
2026-06-22 11:29:08+0800: Controller: play W N17
2026-06-22 11:29:08+0800: = 
2026-06-22 11:29:08+0800: Controller: kata-analyze B 10
2026-06-22 11:29:08+0800: =
2026-06-22 11:29:08+0800: Controller: play B Q15
2026-06-22 11:29:08+0800: = 
2026-06-22 11:29:08+0800: Controller: kata-analyze W 10
2026-06-22 11:29:08+0800: =
2026-06-22 11:29:08+0800: Controller: play W P15
2026-06-22 11:29:08+0800: = 
2026-06-22 11:29:08+0800: Controller: kata-analyze B 10
2026-06-22 11:29:08+0800: =
2026-06-22 11:29:09+0800: Controller: play B M16
2026-06-22 11:29:09+0800: = 
2026-06-22 11:29:09+0800: Controller: kata-analyze W 10
2026-06-22 11:29:09+0800: =
2026-06-22 11:29:09+0800: Controller: play W L4
2026-06-22 11:29:09+0800: = 
2026-06-22 11:29:09+0800: Controller: kata-analyze B 10
2026-06-22 11:29:09+0800: =
2026-06-22 11:29:09+0800: Controller: play B J3
2026-06-22 11:29:09+0800: = 
2026-06-22 11:29:09+0800: Controller: kata-analyze W 10
2026-06-22 11:29:09+0800: =
2026-06-22 11:29:09+0800: Controller: play W F4
2026-06-22 11:29:09+0800: = 
2026-06-22 11:29:09+0800: Controller: kata-analyze B 10
2026-06-22 11:29:09+0800: =
2026-06-22 11:29:09+0800: Controller: play B D6
2026-06-22 11:29:09+0800: = 
2026-06-22 11:29:09+0800: Controller: kata-analyze W 10
2026-06-22 11:29:09+0800: =
2026-06-22 11:29:09+0800: Controller: play W J5
2026-06-22 11:29:09+0800: = 
2026-06-22 11:29:09+0800: Controller: kata-analyze B 10
2026-06-22 11:29:09+0800: =
2026-06-22 11:29:10+0800: Controller: play B C12
2026-06-22 11:29:10+0800: = 
2026-06-22 11:29:10+0800: Controller: kata-analyze W 10
2026-06-22 11:29:10+0800: =
2026-06-22 11:29:10+0800: Controller: play W C8
2026-06-22 11:29:10+0800: = 
2026-06-22 11:29:10+0800: Controller: kata-analyze B 10
2026-06-22 11:29:10+0800: =
2026-06-22 11:29:10+0800: Controller: play B E12
2026-06-22 11:29:10+0800: = 
2026-06-22 11:29:10+0800: Controller: kata-analyze W 10
2026-06-22 11:29:10+0800: =
2026-06-22 11:29:10+0800: Controller: play W C13
2026-06-22 11:29:10+0800: = 
2026-06-22 11:29:10+0800: Controller: kata-analyze B 10
2026-06-22 11:29:10+0800: =
2026-06-22 11:29:10+0800: Controller: play B B13
2026-06-22 11:29:10+0800: = 
2026-06-22 11:29:10+0800: Controller: kata-analyze W 10
2026-06-22 11:29:10+0800: =
2026-06-22 11:29:11+0800: Controller: play W B14
2026-06-22 11:29:11+0800: = 
2026-06-22 11:29:11+0800: Controller: kata-analyze B 10
2026-06-22 11:29:11+0800: =
2026-06-22 11:29:11+0800: Controller: play B F6
2026-06-22 11:29:11+0800: = 
2026-06-22 11:29:11+0800: Controller: kata-analyze W 10
2026-06-22 11:29:11+0800: =
2026-06-22 11:29:11+0800: Controller: play W E7
2026-06-22 11:29:11+0800: = 
2026-06-22 11:29:11+0800: Controller: kata-analyze B 10
2026-06-22 11:29:11+0800: =
2026-06-22 11:29:11+0800: Controller: play B E6
2026-06-22 11:29:11+0800: = 
2026-06-22 11:29:11+0800: Controller: kata-analyze W 10
2026-06-22 11:29:11+0800: =
2026-06-22 11:29:11+0800: Controller: play W E9
2026-06-22 11:29:11+0800: = 
2026-06-22 11:29:11+0800: Controller: kata-analyze B 10
2026-06-22 11:29:11+0800: =
2026-06-22 11:29:12+0800: Controller: play B L3
2026-06-22 11:29:12+0800: = 
2026-06-22 11:29:12+0800: Controller: kata-analyze W 10
2026-06-22 11:29:12+0800: =
2026-06-22 11:29:12+0800: Controller: play W M3
2026-06-22 11:29:12+0800: = 
2026-06-22 11:29:12+0800: Controller: kata-analyze B 10
2026-06-22 11:29:12+0800: =
2026-06-22 11:29:12+0800: Controller: play B M4
2026-06-22 11:29:12+0800: = 
2026-06-22 11:29:12+0800: Controller: kata-analyze W 10
2026-06-22 11:29:12+0800: =
2026-06-22 11:29:12+0800: Controller: play W K3
2026-06-22 11:29:12+0800: = 
2026-06-22 11:29:12+0800: Controller: kata-analyze B 10
2026-06-22 11:29:12+0800: =
2026-06-22 11:29:12+0800: Controller: play B L2
2026-06-22 11:29:12+0800: = 
2026-06-22 11:29:12+0800: Controller: kata-analyze W 10
2026-06-22 11:29:12+0800: =
2026-06-22 11:29:12+0800: Controller: play W K4
2026-06-22 11:29:12+0800: = 
2026-06-22 11:29:12+0800: Controller: kata-analyze B 10
2026-06-22 11:29:12+0800: =
2026-06-22 11:29:12+0800: Controller: play B K2
2026-06-22 11:29:12+0800: = 
2026-06-22 11:29:12+0800: Controller: kata-analyze W 10
2026-06-22 11:29:12+0800: =
2026-06-22 11:29:13+0800: Controller: play W N3
2026-06-22 11:29:13+0800: = 
2026-06-22 11:29:13+0800: Controller: kata-analyze B 10
2026-06-22 11:29:13+0800: =
2026-06-22 11:29:13+0800: Controller: play B J4
2026-06-22 11:29:13+0800: = 
2026-06-22 11:29:13+0800: Controller: kata-analyze W 10
2026-06-22 11:29:13+0800: =
2026-06-22 11:29:13+0800: Controller: play W H5
2026-06-22 11:29:13+0800: = 
2026-06-22 11:29:13+0800: Controller: kata-analyze B 10
2026-06-22 11:29:13+0800: =
2026-06-22 11:29:13+0800: Controller: play B G4
2026-06-22 11:29:13+0800: = 
2026-06-22 11:29:13+0800: Controller: kata-analyze W 10
2026-06-22 11:29:13+0800: =
2026-06-22 11:29:13+0800: Controller: play W D3
2026-06-22 11:29:13+0800: = 
2026-06-22 11:29:13+0800: Controller: kata-analyze B 10
2026-06-22 11:29:13+0800: =
2026-06-22 11:29:13+0800: Controller: play B G5
2026-06-22 11:29:13+0800: = 
2026-06-22 11:29:13+0800: Controller: kata-analyze W 10
2026-06-22 11:29:13+0800: =
2026-06-22 11:29:13+0800: Controller: play W C4
2026-06-22 11:29:13+0800: = 
2026-06-22 11:29:13+0800: Controller: kata-analyze B 10
2026-06-22 11:29:13+0800: =
2026-06-22 11:29:14+0800: Controller: play B M5
2026-06-22 11:29:14+0800: = 
2026-06-22 11:29:14+0800: Controller: kata-analyze W 10
2026-06-22 11:29:14+0800: =
2026-06-22 11:29:14+0800: Controller: play W L6
2026-06-22 11:29:14+0800: = 
2026-06-22 11:29:14+0800: Controller: kata-analyze B 10
2026-06-22 11:29:14+0800: =
2026-06-22 11:29:14+0800: Controller: play B M6
2026-06-22 11:29:14+0800: = 
2026-06-22 11:29:14+0800: Controller: kata-analyze W 10
2026-06-22 11:29:14+0800: =
2026-06-22 11:29:14+0800: Controller: play W L7
2026-06-22 11:29:14+0800: = 
2026-06-22 11:29:14+0800: Controller: kata-analyze B 10
2026-06-22 11:29:14+0800: =
2026-06-22 11:29:14+0800: Controller: play B D4
2026-06-22 11:29:14+0800: = 
2026-06-22 11:29:14+0800: Controller: kata-analyze W 10
2026-06-22 11:29:14+0800: =
2026-06-22 11:29:14+0800: Controller: play W H4
2026-06-22 11:29:14+0800: = 
2026-06-22 11:29:14+0800: Controller: kata-analyze B 10
2026-06-22 11:29:14+0800: =
2026-06-22 11:29:14+0800: Controller: play B H3
2026-06-22 11:29:14+0800: = 
2026-06-22 11:29:14+0800: Controller: kata-analyze W 10
2026-06-22 11:29:14+0800: =
2026-06-22 11:29:15+0800: Controller: play W G3
2026-06-22 11:29:15+0800: = 
2026-06-22 11:29:15+0800: Controller: kata-analyze B 10
2026-06-22 11:29:15+0800: =
2026-06-22 11:29:15+0800: Controller: play B G2
2026-06-22 11:29:15+0800: = 
2026-06-22 11:29:15+0800: Controller: kata-analyze W 10
2026-06-22 11:29:15+0800: =
2026-06-22 11:29:15+0800: Controller: play W F3
2026-06-22 11:29:15+0800: = 
2026-06-22 11:29:15+0800: Controller: kata-analyze B 10
2026-06-22 11:29:15+0800: =
2026-06-22 11:29:15+0800: Controller: play B H6
2026-06-22 11:29:15+0800: = 
2026-06-22 11:29:15+0800: Controller: kata-analyze W 10
2026-06-22 11:29:15+0800: =
2026-06-22 11:29:15+0800: Controller: play W K5
2026-06-22 11:29:15+0800: = 
2026-06-22 11:29:15+0800: Controller: kata-analyze B 10
2026-06-22 11:29:15+0800: =
2026-06-22 11:29:15+0800: Controller: play B F2
2026-06-22 11:29:15+0800: = 
2026-06-22 11:29:15+0800: Controller: kata-analyze W 10
2026-06-22 11:29:15+0800: =
2026-06-22 11:29:15+0800: Controller: play W D5
2026-06-22 11:29:15+0800: = 
2026-06-22 11:29:15+0800: Controller: kata-analyze B 10
2026-06-22 11:29:15+0800: =
2026-06-22 11:29:15+0800: Controller: play B C5
2026-06-22 11:29:15+0800: = 
2026-06-22 11:29:15+0800: Controller: kata-analyze W 10
2026-06-22 11:29:15+0800: =
2026-06-22 11:29:16+0800: Controller: play W E4
2026-06-22 11:29:16+0800: = 
2026-06-22 11:29:16+0800: Controller: kata-analyze B 10
2026-06-22 11:29:16+0800: =
2026-06-22 11:29:16+0800: Controller: play B B4
2026-06-22 11:29:16+0800: = 
2026-06-22 11:29:16+0800: Controller: kata-analyze W 10
2026-06-22 11:29:16+0800: =
2026-06-22 11:29:16+0800: Controller: play W N16
2026-06-22 11:29:16+0800: = 
2026-06-22 11:29:16+0800: Controller: kata-analyze B 10
2026-06-22 11:29:16+0800: =
2026-06-22 11:29:16+0800: Controller: play B O15
2026-06-22 11:29:16+0800: = 
2026-06-22 11:29:16+0800: Controller: kata-analyze W 10
2026-06-22 11:29:16+0800: =
2026-06-22 11:29:16+0800: Controller: play W P14
2026-06-22 11:29:16+0800: = 
2026-06-22 11:29:16+0800: Controller: kata-analyze B 10
2026-06-22 11:29:16+0800: =
2026-06-22 11:29:16+0800: Controller: play B M7
2026-06-22 11:29:16+0800: = 
2026-06-22 11:29:16+0800: Controller: kata-analyze W 10
2026-06-22 11:29:16+0800: =
2026-06-22 11:29:16+0800: Controller: play W M15
2026-06-22 11:29:16+0800: = 
2026-06-22 11:29:16+0800: Controller: kata-analyze B 10
2026-06-22 11:29:16+0800: =
2026-06-22 11:29:17+0800: Controller: play B L8
2026-06-22 11:29:17+0800: = 
2026-06-22 11:29:17+0800: Controller: kata-analyze W 10
2026-06-22 11:29:17+0800: =
2026-06-22 11:29:17+0800: Controller: play W K8
2026-06-22 11:29:17+0800: = 
2026-06-22 11:29:17+0800: Controller: kata-analyze B 10
2026-06-22 11:29:17+0800: =
2026-06-22 11:29:17+0800: Controller: play B G8
2026-06-22 11:29:17+0800: = 
2026-06-22 11:29:17+0800: Controller: kata-analyze W 10
2026-06-22 11:29:17+0800: =
2026-06-22 11:29:17+0800: Controller: play W L9
2026-06-22 11:29:17+0800: = 
2026-06-22 11:29:17+0800: Controller: kata-analyze B 10
2026-06-22 11:29:17+0800: =
2026-06-22 11:29:17+0800: Controller: play B M8
2026-06-22 11:29:17+0800: = 
2026-06-22 11:29:17+0800: Controller: kata-analyze W 10
2026-06-22 11:29:17+0800: =
2026-06-22 11:29:17+0800: Controller: play W K9
2026-06-22 11:29:17+0800: = 
2026-06-22 11:29:17+0800: Controller: kata-analyze B 10
2026-06-22 11:29:17+0800: =
2026-06-22 11:29:18+0800: Controller: play B N10
2026-06-22 11:29:18+0800: = 
2026-06-22 11:29:18+0800: Controller: kata-analyze W 10
2026-06-22 11:29:18+0800: =
2026-06-22 11:29:18+0800: Controller: play W G10
2026-06-22 11:29:18+0800: = 
2026-06-22 11:29:18+0800: Controller: kata-analyze B 10
2026-06-22 11:29:18+0800: =
2026-06-22 11:29:18+0800: Controller: play B Q3
2026-06-22 11:29:18+0800: = 
2026-06-22 11:29:18+0800: Controller: kata-analyze W 10
2026-06-22 11:29:18+0800: =
2026-06-22 11:29:18+0800: Controller: play W Q2
2026-06-22 11:29:18+0800: = 
2026-06-22 11:29:18+0800: Controller: kata-analyze B 10
2026-06-22 11:29:18+0800: =
2026-06-22 11:29:19+0800: Controller: play B R2
2026-06-22 11:29:19+0800: = 
2026-06-22 11:29:19+0800: Controller: kata-analyze W 10
2026-06-22 11:29:19+0800: =
2026-06-22 11:29:19+0800: Controller: play W Q5
2026-06-22 11:29:19+0800: = 
2026-06-22 11:29:19+0800: Controller: kata-analyze B 10
2026-06-22 11:29:19+0800: =
2026-06-22 11:29:19+0800: Controller: play B R5
2026-06-22 11:29:19+0800: = 
2026-06-22 11:29:19+0800: Controller: kata-analyze W 10
2026-06-22 11:29:19+0800: =
2026-06-22 11:29:19+0800: Controller: play W P6
2026-06-22 11:29:19+0800: = 
2026-06-22 11:29:19+0800: Controller: kata-analyze B 10
2026-06-22 11:29:19+0800: =
2026-06-22 11:29:19+0800: Controller: play B P4
2026-06-22 11:29:19+0800: = 
2026-06-22 11:29:19+0800: Controller: kata-analyze W 10
2026-06-22 11:29:19+0800: =
2026-06-22 11:29:19+0800: Controller: play W O4
2026-06-22 11:29:19+0800: = 
2026-06-22 11:29:19+0800: Controller: kata-analyze B 10
2026-06-22 11:29:19+0800: =
2026-06-22 11:29:19+0800: Controller: play B Q7
2026-06-22 11:29:19+0800: = 
2026-06-22 11:29:19+0800: Controller: kata-analyze W 10
2026-06-22 11:29:19+0800: =
2026-06-22 11:29:20+0800: Controller: play W P7
2026-06-22 11:29:20+0800: = 
2026-06-22 11:29:20+0800: Controller: kata-analyze B 10
2026-06-22 11:29:20+0800: =
2026-06-22 11:29:20+0800: Controller: play B O5
2026-06-22 11:29:20+0800: = 
2026-06-22 11:29:20+0800: Controller: kata-analyze W 10
2026-06-22 11:29:20+0800: =
2026-06-22 11:29:20+0800: Controller: play W B5
2026-06-22 11:29:20+0800: = 
2026-06-22 11:29:20+0800: Controller: kata-analyze B 10
2026-06-22 11:29:20+0800: =
2026-06-22 11:29:20+0800: Controller: play B D4
2026-06-22 11:29:20+0800: = 
2026-06-22 11:29:20+0800: Controller: kata-analyze W 10
2026-06-22 11:29:20+0800: =
2026-06-22 11:29:20+0800: Controller: play W P5
2026-06-22 11:29:20+0800: = 
2026-06-22 11:29:20+0800: Controller: kata-analyze B 10
2026-06-22 11:29:20+0800: =
2026-06-22 11:29:20+0800: Controller: play B Q4
2026-06-22 11:29:20+0800: = 
2026-06-22 11:29:20+0800: Controller: kata-analyze W 10
2026-06-22 11:29:20+0800: =
2026-06-22 11:29:21+0800: Controller: play W C4
2026-06-22 11:29:21+0800: = 
2026-06-22 11:29:21+0800: Controller: kata-analyze B 10
2026-06-22 11:29:21+0800: =
2026-06-22 11:29:21+0800: Controller: play B C6
2026-06-22 11:29:21+0800: = 
2026-06-22 11:29:21+0800: Controller: kata-analyze W 10
2026-06-22 11:29:21+0800: =
2026-06-22 11:29:21+0800: Controller: play W O8
2026-06-22 11:29:21+0800: = 
2026-06-22 11:29:21+0800: Controller: kata-analyze B 10
2026-06-22 11:29:21+0800: =
2026-06-22 11:29:21+0800: Controller: play B M9
2026-06-22 11:29:21+0800: = 
2026-06-22 11:29:21+0800: Controller: kata-analyze W 10
2026-06-22 11:29:21+0800: =
2026-06-22 11:29:21+0800: Controller: play W N5
2026-06-22 11:29:21+0800: = 
2026-06-22 11:29:21+0800: Controller: kata-analyze B 10
2026-06-22 11:29:21+0800: =
2026-06-22 11:29:21+0800: Controller: play B Q8
2026-06-22 11:29:21+0800: = 
2026-06-22 11:29:21+0800: Controller: kata-analyze W 10
2026-06-22 11:29:21+0800: =
2026-06-22 11:29:21+0800: Controller: play W O10
2026-06-22 11:29:21+0800: = 
2026-06-22 11:29:21+0800: Controller: kata-analyze B 10
2026-06-22 11:29:21+0800: =
2026-06-22 11:29:21+0800: Controller: play B O11
2026-06-22 11:29:21+0800: = 
2026-06-22 11:29:21+0800: Controller: kata-analyze W 10
2026-06-22 11:29:21+0800: =
2026-06-22 11:29:22+0800: Controller: play W P9
2026-06-22 11:29:22+0800: = 
2026-06-22 11:29:22+0800: Controller: kata-analyze B 10
2026-06-22 11:29:22+0800: =
2026-06-22 11:29:22+0800: Controller: play B O14
2026-06-22 11:29:22+0800: = 
2026-06-22 11:29:22+0800: Controller: kata-analyze W 10
2026-06-22 11:29:22+0800: =
2026-06-22 11:29:22+0800: Controller: play W N11
2026-06-22 11:29:22+0800: = 
2026-06-22 11:29:22+0800: Controller: kata-analyze B 10
2026-06-22 11:29:22+0800: =
2026-06-22 11:29:22+0800: Controller: play B M11
2026-06-22 11:29:22+0800: = 
2026-06-22 11:29:22+0800: Controller: kata-analyze W 10
2026-06-22 11:29:22+0800: =
2026-06-22 11:29:22+0800: Controller: play W N12
2026-06-22 11:29:22+0800: = 
2026-06-22 11:29:22+0800: Controller: kata-analyze B 10
2026-06-22 11:29:22+0800: =
2026-06-22 11:29:22+0800: Controller: play B P13
2026-06-22 11:29:22+0800: = 
2026-06-22 11:29:22+0800: Controller: kata-analyze W 10
2026-06-22 11:29:22+0800: =
2026-06-22 11:29:23+0800: Controller: play W Q14
2026-06-22 11:29:23+0800: = 
2026-06-22 11:29:23+0800: Controller: kata-analyze B 10
2026-06-22 11:29:23+0800: =
2026-06-22 11:29:23+0800: Controller: play B L11
2026-06-22 11:29:23+0800: = 
2026-06-22 11:29:23+0800: Controller: kata-analyze W 10
2026-06-22 11:29:23+0800: =
2026-06-22 11:29:23+0800: Controller: play W J10
2026-06-22 11:29:23+0800: = 
2026-06-22 11:29:23+0800: Controller: kata-analyze B 10
2026-06-22 11:29:23+0800: =
2026-06-22 11:29:23+0800: Controller: play B M13
2026-06-22 11:29:23+0800: = 
2026-06-22 11:29:23+0800: Controller: kata-analyze W 10
2026-06-22 11:29:23+0800: =
2026-06-22 11:29:23+0800: Controller: play W O12
2026-06-22 11:29:23+0800: = 
2026-06-22 11:29:23+0800: Controller: kata-analyze B 10
2026-06-22 11:29:23+0800: =
2026-06-22 11:29:23+0800: Controller: play B P11
2026-06-22 11:29:23+0800: = 
2026-06-22 11:29:23+0800: Controller: kata-analyze W 10
2026-06-22 11:29:23+0800: =
2026-06-22 11:29:23+0800: Controller: play W P12
2026-06-22 11:29:23+0800: = 
2026-06-22 11:29:23+0800: Controller: kata-analyze B 10
2026-06-22 11:29:23+0800: =
2026-06-22 11:29:24+0800: Controller: play B Q10
2026-06-22 11:29:24+0800: = 
2026-06-22 11:29:24+0800: Controller: kata-analyze W 10
2026-06-22 11:29:24+0800: =
2026-06-22 11:29:24+0800: Controller: play W Q12
2026-06-22 11:29:24+0800: = 
2026-06-22 11:29:24+0800: Controller: kata-analyze B 10
2026-06-22 11:29:24+0800: =
2026-06-22 11:29:24+0800: Controller: play B Q9
2026-06-22 11:29:24+0800: = 
2026-06-22 11:29:24+0800: Controller: kata-analyze W 10
2026-06-22 11:29:24+0800: =
2026-06-22 11:29:24+0800: Controller: play W B3
2026-06-22 11:29:24+0800: = 
2026-06-22 11:29:24+0800: Controller: kata-analyze B 10
2026-06-22 11:29:24+0800: =
2026-06-22 11:29:24+0800: Controller: play B D4
2026-06-22 11:29:24+0800: = 
2026-06-22 11:29:24+0800: Controller: kata-analyze W 10
2026-06-22 11:29:24+0800: =
2026-06-22 11:29:24+0800: Controller: play W K13
2026-06-22 11:29:24+0800: = 
2026-06-22 11:29:24+0800: Controller: kata-analyze B 10
2026-06-22 11:29:24+0800: =
2026-06-22 11:29:25+0800: Controller: play B L13
2026-06-22 11:29:25+0800: = 
2026-06-22 11:29:25+0800: Controller: kata-analyze W 10
2026-06-22 11:29:25+0800: =
2026-06-22 11:29:25+0800: Controller: play W C4
2026-06-22 11:29:25+0800: = 
2026-06-22 11:29:25+0800: Controller: kata-analyze B 10
2026-06-22 11:29:25+0800: =
2026-06-22 11:29:25+0800: Controller: play B K6
2026-06-22 11:29:25+0800: = 
2026-06-22 11:29:25+0800: Controller: kata-analyze W 10
2026-06-22 11:29:25+0800: =
2026-06-22 11:29:25+0800: Controller: play W J6
2026-06-22 11:29:25+0800: = 
2026-06-22 11:29:25+0800: Controller: kata-analyze B 10
2026-06-22 11:29:25+0800: =
2026-06-22 11:29:25+0800: Controller: play B D4
2026-06-22 11:29:25+0800: = 
2026-06-22 11:29:25+0800: Controller: kata-analyze W 10
2026-06-22 11:29:25+0800: =
2026-06-22 11:29:25+0800: Controller: play W F5
2026-06-22 11:29:25+0800: = 
2026-06-22 11:29:25+0800: Controller: kata-analyze B 10
2026-06-22 11:29:25+0800: =
2026-06-22 11:29:26+0800: Controller: play B C4
2026-06-22 11:29:26+0800: = 
2026-06-22 11:29:26+0800: Controller: kata-analyze W 10
2026-06-22 11:29:26+0800: =
2026-06-22 11:29:26+0800: Controller: play W G6
2026-06-22 11:29:26+0800: = 
2026-06-22 11:29:26+0800: Controller: kata-analyze B 10
2026-06-22 11:29:26+0800: =
2026-06-22 11:29:26+0800: Controller: play B L15
2026-06-22 11:29:26+0800: = 
2026-06-22 11:29:26+0800: Controller: kata-analyze W 10
2026-06-22 11:29:26+0800: =
2026-06-22 11:29:26+0800: Controller: play W N15
2026-06-22 11:29:26+0800: = 
2026-06-22 11:29:26+0800: Controller: kata-analyze B 10
2026-06-22 11:29:26+0800: =
2026-06-22 11:29:26+0800: Controller: play B K14
2026-06-22 11:29:26+0800: = 
2026-06-22 11:29:26+0800: Controller: kata-analyze W 10
2026-06-22 11:29:26+0800: =
2026-06-22 11:29:26+0800: Controller: play W K18
2026-06-22 11:29:26+0800: = 
2026-06-22 11:29:26+0800: Controller: kata-analyze B 10
2026-06-22 11:29:26+0800: =
2026-06-22 11:29:27+0800: Controller: play B J17
2026-06-22 11:29:27+0800: = 
2026-06-22 11:29:27+0800: Controller: kata-analyze W 10
2026-06-22 11:29:27+0800: =
2026-06-22 11:29:27+0800: Controller: play W J18
2026-06-22 11:29:27+0800: = 
2026-06-22 11:29:27+0800: Controller: kata-analyze B 10
2026-06-22 11:29:27+0800: =
2026-06-22 11:29:27+0800: Controller: play B E2
2026-06-22 11:29:27+0800: = 
2026-06-22 11:29:27+0800: Controller: kata-analyze W 10
2026-06-22 11:29:27+0800: =
2026-06-22 11:29:27+0800: Controller: play W H17
2026-06-22 11:29:27+0800: = 
2026-06-22 11:29:27+0800: Controller: kata-analyze B 10
2026-06-22 11:29:27+0800: =
2026-06-22 11:29:27+0800: Controller: play B C17
2026-06-22 11:29:27+0800: = 
2026-06-22 11:29:27+0800: Controller: kata-analyze W 10
2026-06-22 11:29:27+0800: =
2026-06-22 11:29:27+0800: Controller: play W B17
2026-06-22 11:29:27+0800: = 
2026-06-22 11:29:27+0800: Controller: kata-analyze B 10
2026-06-22 11:29:27+0800: =
2026-06-22 11:29:28+0800: Controller: play B D16
2026-06-22 11:29:28+0800: = 
2026-06-22 11:29:28+0800: Controller: kata-analyze W 10
2026-06-22 11:29:28+0800: =
2026-06-22 11:29:28+0800: Controller: play W C18
2026-06-22 11:29:28+0800: = 
2026-06-22 11:29:28+0800: Controller: kata-analyze B 10
2026-06-22 11:29:28+0800: =
2026-06-22 11:29:28+0800: Controller: play B C15
2026-06-22 11:29:28+0800: = 
2026-06-22 11:29:28+0800: Controller: kata-analyze W 10
2026-06-22 11:29:28+0800: =
2026-06-22 11:29:28+0800: Controller: play W D17
2026-06-22 11:29:28+0800: = 
2026-06-22 11:29:28+0800: Controller: kata-analyze B 10
2026-06-22 11:29:28+0800: =
2026-06-22 11:29:28+0800: Controller: play B C14
2026-06-22 11:29:28+0800: = 
2026-06-22 11:29:28+0800: Controller: kata-analyze W 10
2026-06-22 11:29:28+0800: =
2026-06-22 11:29:28+0800: Controller: play W D13
2026-06-22 11:29:28+0800: = 
2026-06-22 11:29:28+0800: Controller: kata-analyze B 10
2026-06-22 11:29:28+0800: =
2026-06-22 11:29:28+0800: Controller: play B B15
2026-06-22 11:29:28+0800: = 
2026-06-22 11:29:28+0800: Controller: kata-analyze W 10
2026-06-22 11:29:28+0800: =
2026-06-22 11:29:29+0800: Controller: stop
2026-06-22 11:29:29+0800: = 
2026-06-22 11:29:35+0800: Controller: undo
2026-06-22 11:29:35+0800: = 
2026-06-22 11:29:35+0800: Controller: undo
2026-06-22 11:29:35+0800: = 
2026-06-22 11:29:35+0800: Controller: undo
2026-06-22 11:29:35+0800: = 
2026-06-22 11:29:35+0800: Controller: undo
2026-06-22 11:29:35+0800: = 
2026-06-22 11:29:35+0800: Controller: undo
2026-06-22 11:29:35+0800: = 
2026-06-22 11:29:35+0800: Controller: undo
2026-06-22 11:29:35+0800: = 
2026-06-22 11:29:35+0800: Controller: undo
2026-06-22 11:29:35+0800: = 
2026-06-22 11:29:35+0800: Controller: undo
2026-06-22 11:29:35+0800: = 
2026-06-22 11:29:35+0800: Controller: undo
2026-06-22 11:29:35+0800: = 
2026-06-22 11:29:35+0800: Controller: undo
2026-06-22 11:29:35+0800: = 
2026-06-22 11:29:35+0800: Controller: undo
2026-06-22 11:29:35+0800: = 
2026-06-22 11:29:35+0800: Controller: undo
2026-06-22 11:29:35+0800: = 
2026-06-22 11:29:35+0800: Controller: undo
2026-06-22 11:29:35+0800: = 
2026-06-22 11:29:35+0800: Controller: undo
2026-06-22 11:29:35+0800: = 
2026-06-22 11:29:35+0800: Controller: undo
2026-06-22 11:29:35+0800: = 
2026-06-22 11:29:35+0800: Controller: undo
2026-06-22 11:29:35+0800: = 
2026-06-22 11:29:35+0800: Controller: undo
2026-06-22 11:29:35+0800: = 
2026-06-22 11:29:35+0800: Controller: undo
2026-06-22 11:29:35+0800: = 
2026-06-22 11:29:35+0800: Controller: undo
2026-06-22 11:29:35+0800: = 
2026-06-22 11:29:35+0800: Controller: undo
2026-06-22 11:29:35+0800: = 
2026-06-22 11:29:35+0800: Controller: undo
2026-06-22 11:29:35+0800: = 
2026-06-22 11:29:35+0800: Controller: undo
2026-06-22 11:29:35+0800: = 
2026-06-22 11:29:35+0800: Controller: undo
2026-06-22 11:29:35+0800: = 
2026-06-22 11:29:35+0800: Controller: undo
2026-06-22 11:29:35+0800: = 
2026-06-22 11:29:35+0800: Controller: undo
2026-06-22 11:29:35+0800: = 
2026-06-22 11:29:35+0800: Controller: undo
2026-06-22 11:29:35+0800: = 
2026-06-22 11:29:35+0800: Controller: undo
2026-06-22 11:29:35+0800: = 
2026-06-22 11:29:35+0800: Controller: undo
2026-06-22 11:29:35+0800: = 
2026-06-22 11:29:35+0800: Controller: undo
2026-06-22 11:29:35+0800: = 
2026-06-22 11:29:35+0800: Controller: undo
2026-06-22 11:29:35+0800: = 
2026-06-22 11:29:35+0800: Controller: undo
2026-06-22 11:29:35+0800: = 
2026-06-22 11:29:35+0800: Controller: undo
2026-06-22 11:29:35+0800: = 
2026-06-22 11:29:35+0800: Controller: undo
2026-06-22 11:29:35+0800: = 
2026-06-22 11:29:35+0800: Controller: undo
2026-06-22 11:29:35+0800: = 
2026-06-22 11:29:35+0800: Controller: undo
2026-06-22 11:29:35+0800: = 
2026-06-22 11:29:35+0800: Controller: undo
2026-06-22 11:29:35+0800: = 
2026-06-22 11:29:35+0800: Controller: undo
2026-06-22 11:29:35+0800: = 
2026-06-22 11:29:35+0800: Controller: undo
2026-06-22 11:29:35+0800: = 
2026-06-22 11:29:35+0800: Controller: undo
2026-06-22 11:29:35+0800: = 
2026-06-22 11:29:35+0800: Controller: undo
2026-06-22 11:29:35+0800: = 
2026-06-22 11:29:35+0800: Controller: undo
2026-06-22 11:29:35+0800: = 
2026-06-22 11:29:35+0800: Controller: undo
2026-06-22 11:29:35+0800: = 
2026-06-22 11:29:35+0800: Controller: undo
2026-06-22 11:29:35+0800: = 
2026-06-22 11:29:35+0800: Controller: undo
2026-06-22 11:29:35+0800: = 
2026-06-22 11:29:35+0800: Controller: undo
2026-06-22 11:29:35+0800: = 
2026-06-22 11:29:35+0800: Controller: undo
2026-06-22 11:29:35+0800: = 
2026-06-22 11:29:35+0800: Controller: undo
2026-06-22 11:29:35+0800: = 
2026-06-22 11:29:35+0800: Controller: undo
2026-06-22 11:29:35+0800: = 
2026-06-22 11:29:35+0800: Controller: undo
2026-06-22 11:29:35+0800: = 
2026-06-22 11:29:35+0800: Controller: undo
2026-06-22 11:29:35+0800: = 
2026-06-22 11:29:35+0800: Controller: undo
2026-06-22 11:29:35+0800: = 
2026-06-22 11:29:35+0800: Controller: undo
2026-06-22 11:29:35+0800: = 
2026-06-22 11:29:35+0800: Controller: undo
2026-06-22 11:29:35+0800: = 
2026-06-22 11:29:35+0800: Controller: undo
2026-06-22 11:29:35+0800: = 
2026-06-22 11:29:35+0800: Controller: undo
2026-06-22 11:29:35+0800: = 
2026-06-22 11:29:35+0800: Controller: undo
2026-06-22 11:29:35+0800: = 
2026-06-22 11:29:35+0800: Controller: undo
2026-06-22 11:29:35+0800: = 
2026-06-22 11:29:35+0800: Controller: undo
2026-06-22 11:29:35+0800: = 
2026-06-22 11:29:36+0800: Controller: undo
2026-06-22 11:29:36+0800: = 
2026-06-22 11:29:36+0800: Controller: undo
2026-06-22 11:29:36+0800: = 
2026-06-22 11:29:36+0800: Controller: undo
2026-06-22 11:29:36+0800: = 
2026-06-22 11:29:36+0800: Controller: undo
2026-06-22 11:29:36+0800: = 
2026-06-22 11:29:36+0800: Controller: undo
2026-06-22 11:29:36+0800: = 
2026-06-22 11:29:36+0800: Controller: undo
2026-06-22 11:29:36+0800: = 
